<?xml version="1.0" encoding="UTF-8"?>
<!-- Generated by org.testng.reporters.JUnitReportReporter -->
<testsuite hostname="LAPTOP-52U3QR0N" failures="0" tests="1" name="pushpa.pushpa" time="31.783" errors="0" timestamp="16 Oct 2022 16:20:22 GMT" skipped="0">
  <testcase classname="pushpa.pushpa" name="WikiValidation" time="31.783"/>
</testsuite> <!-- pushpa.pushpa -->
