<?xml version="1.0" encoding="UTF-8"?>
<!-- Generated by org.testng.reporters.JUnitReportReporter -->
<testsuite hostname="LAPTOP-52U3QR0N" failures="0" tests="1" name="vagrant.test" time="0.009" errors="0" timestamp="12 Oct 2022 10:02:37 GMT" skipped="0">
  <testcase classname="vagrant.test" name="printName" time="0.009"/>
</testsuite> <!-- vagrant.test -->
